#
# A fatal error has been detected by the Java Runtime Environment:
#
#  EXCEPTION_ACCESS_VIOLATION (0xc0000005) at pc=0x00007ff8da46df34, pid=8636, tid=1552
#
# JRE version: Java(TM) SE Runtime Environment (8.0-b128) (build 1.8.0-b128)
# Java VM: Java HotSpot(TM) 64-Bit Server VM (25.0-b69 mixed mode windows-amd64 compressed oops)
# Problematic frame:
# C  [Flash.ocx+0x41df34]
#
# Failed to write core dump. Minidumps are not enabled by default on client versions of Windows
#
# If you would like to submit a bug report, please visit:
#   http://bugreport.sun.com/bugreport/crash.jsp
# The crash happened outside the Java Virtual Machine in native code.
# See problematic frame for where to report the bug.
#

---------------  T H R E A D  ---------------

Current thread (0x0000000002d8d800):  JavaThread "main" [_thread_in_native, id=1552, stack(0x0000000002a80000,0x0000000002b80000)]

siginfo: ExceptionCode=0xc0000005, reading address 0x00007ff6d7d484d8

Registers:
RAX=0x0000000000000000, RBX=0x00007ff6d7d47000, RCX=0x00007ff8f114303a, RDX=0x0000000000000000
RSP=0x0000000002b7ec80, RBP=0x0000000000000001, RSI=0x0000000000000401, RDI=0x00007ff6d7d47000
R8 =0x0000000002b7ec38, R9 =0x0000000000000401, R10=0x0000000000000000, R11=0x0000000000000206
R12=0x0000000000000001, R13=0x0000000000000000, R14=0x0000000028b08ad8, R15=0x0000000000000001
RIP=0x00007ff8da46df34, EFLAGS=0x0000000000010246

Top of Stack: (sp=0x0000000002b7ec80)
0x0000000002b7ec80:   00007ff6d7d47000 0000000000000001
0x0000000002b7ec90:   0000000000000401 0000000000000000
0x0000000002b7eca0:   0000000000000000 00007ff8da4caba6
0x0000000002b7ecb0:   0000000002b7ee40 0000000014eb18a0
0x0000000002b7ecc0:   0000000002d8d800 00007ff8f1142fef
0x0000000002b7ecd0:   0000000014eb18a0 0000000002d8d800
0x0000000002b7ece0:   0000000002b7eff8 00007ff6d7cf9000
0x0000000002b7ecf0:   00006d0b7a123bcd 0000000015255ee0
0x0000000002b7ed00:   00007ff6d7d47000 00007ff8da476199
0x0000000002b7ed10:   00007ff6d7aa7000 0000000000000001
0x0000000002b7ed20:   0000000002b7ed90 00007ff6d7d476d0
0x0000000002b7ed30:   0000000000000000 0000000000000000
0x0000000002b7ed40:   00007ff6d7aa7000 00007ff8da9d4a16
0x0000000002b7ed50:   0000000002d8d4f0 0000000002d8e570
0x0000000002b7ed60:   0000000002d8e580 0000000002d8e658
0x0000000002b7ed70:   0000000028b08ad8 00007ff8da495602 

Instructions: (pc=0x00007ff8da46df34)
0x00007ff8da46df14:   64 24 20 00 41 b9 01 04 00 00 48 8d 4c 24 40 45
0x00007ff8da46df24:   8b c1 48 8b d0 ff 15 29 df 63 00 85 c0 0f 95 c0
0x00007ff8da46df34:   80 bb d8 14 00 00 00 88 83 d0 14 00 00 0f 84 9f
0x00007ff8da46df44:   00 00 00 c6 83 d8 14 00 00 00 bf 13 01 00 00 3b 


Register to memory mapping:

RAX=0x0000000000000000 is an unknown value
RBX=0x00007ff6d7d47000 is an unknown value
RCX=0x00007ff8f114303a is an unknown value
RDX=0x0000000000000000 is an unknown value
RSP=0x0000000002b7ec80 is pointing into the stack for thread: 0x0000000002d8d800
RBP=0x0000000000000001 is an unknown value
RSI=0x0000000000000401 is an unknown value
RDI=0x00007ff6d7d47000 is an unknown value
R8 =0x0000000002b7ec38 is pointing into the stack for thread: 0x0000000002d8d800
R9 =0x0000000000000401 is an unknown value
R10=0x0000000000000000 is an unknown value
R11=0x0000000000000206 is an unknown value
R12=0x0000000000000001 is an unknown value
R13=0x0000000000000000 is an unknown value
R14=0x0000000028b08ad8 is an unknown value
R15=0x0000000000000001 is an unknown value


Stack: [0x0000000002a80000,0x0000000002b80000],  sp=0x0000000002b7ec80,  free space=1019k
Native frames: (J=compiled Java code, j=interpreted, Vv=VM code, C=native code)
C  [Flash.ocx+0x41df34]
C  [Flash.ocx+0x426199]
C  [Flash.ocx+0x43786c]
C  [Flash.ocx+0x3fcd2f]
C  [Flash.ocx+0x43622f]
C  [Flash.ocx+0x438283]
C  [Flash.ocx+0x3ff599]
C  [USER32.dll+0x2524]
C  [USER32.dll+0x2387]
C  [swt-win32-4332.dll+0x1e236]
C  0x0000000002fc3d8c

Java frames: (J=compiled Java code, j=interpreted, Vv=VM code)
J 523  org.eclipse.swt.internal.win32.OS.DispatchMessageW(Lorg/eclipse/swt/internal/win32/MSG;)J (0 bytes) @ 0x0000000002fc3d12 [0x0000000002fc3cc0+0x52]
J 500 C1 org.eclipse.swt.widgets.Display.readAndDispatch()Z (103 bytes) @ 0x0000000002fbe39c [0x0000000002fbe020+0x37c]
j  chrriis.dj.nativeswing.swtimpl.core.SWTNativeInterface$OutProcess.runNativeSide([Ljava/lang/String;)V+537
j  chrriis.dj.nativeswing.swtimpl.core.SWTNativeInterface.main_([Ljava/lang/String;)V+1
j  chrriis.dj.nativeswing.swtimpl.NativeInterface.main([Ljava/lang/String;)V+7
v  ~StubRoutines::call_stub

---------------  P R O C E S S  ---------------

Java Threads: ( => current thread )
  0x0000000016dae000 JavaThread "NativeSwing[1] Non-UI Message [209] Executor" daemon [_thread_blocked, id=14112, stack(0x0000000018c40000,0x0000000018d40000)]
  0x0000000016ea2800 JavaThread "Registry cleanup thread-0" daemon [_thread_blocked, id=2148, stack(0x00000000196c0000,0x00000000197c0000)]
  0x0000000016c55800 JavaThread "NativeSwing[1] SWT Receiver" daemon [_thread_in_native, id=9904, stack(0x0000000017320000,0x0000000017420000)]
  0x0000000016b4f800 JavaThread "Service Thread" daemon [_thread_blocked, id=10212, stack(0x0000000016ee0000,0x0000000016fe0000)]
  0x00000000152db800 JavaThread "C1 CompilerThread2" daemon [_thread_blocked, id=10204, stack(0x00000000169e0000,0x0000000016ae0000)]
  0x00000000152d8000 JavaThread "C2 CompilerThread1" daemon [_thread_blocked, id=11892, stack(0x00000000168e0000,0x00000000169e0000)]
  0x0000000015298000 JavaThread "C2 CompilerThread0" daemon [_thread_blocked, id=10224, stack(0x00000000167e0000,0x00000000168e0000)]
  0x0000000015296800 JavaThread "Attach Listener" daemon [_thread_blocked, id=10220, stack(0x00000000166e0000,0x00000000167e0000)]
  0x0000000015295800 JavaThread "Signal Dispatcher" daemon [_thread_blocked, id=6796, stack(0x00000000165e0000,0x00000000166e0000)]
  0x0000000002ca3000 JavaThread "Finalizer" daemon [_thread_blocked, id=7136, stack(0x00000000164e0000,0x00000000165e0000)]
  0x0000000002c9a000 JavaThread "Reference Handler" daemon [_thread_blocked, id=6348, stack(0x00000000163e0000,0x00000000164e0000)]
=>0x0000000002d8d800 JavaThread "main" [_thread_in_native, id=1552, stack(0x0000000002a80000,0x0000000002b80000)]

Other Threads:
  0x0000000015255800 VMThread [stack: 0x00000000162e0000,0x00000000163e0000] [id=9896]
  0x0000000016b50800 WatcherThread [stack: 0x0000000016fe0000,0x00000000170e0000] [id=11664]

VM state:not at safepoint (normal execution)

VM Mutex/Monitor currently owned by a thread: None

Heap:
 PSYoungGen      total 9728K, used 1655K [0x00000000ebb80000, 0x00000000ec680000, 0x0000000100000000)
  eden space 8192K, 18% used [0x00000000ebb80000,0x00000000ebcf5fb0,0x00000000ec380000)
  from space 1536K, 10% used [0x00000000ec380000,0x00000000ec3a8000,0x00000000ec500000)
  to   space 1536K, 0% used [0x00000000ec500000,0x00000000ec500000,0x00000000ec680000)
 ParOldGen       total 61952K, used 2300K [0x00000000c3200000, 0x00000000c6e80000, 0x00000000ebb80000)
  object space 61952K, 3% used [0x00000000c3200000,0x00000000c343f188,0x00000000c6e80000)
 Metaspace       used 7445K, capacity 7544K, committed 7808K, reserved 1056768K
  class space    used 820K, capacity 844K, committed 896K, reserved 1048576K

Card table byte_map: [0x0000000012150000,0x0000000012340000] byte_map_base: 0x0000000011b37000

Marking Bits: (ParMarkBitMap*) 0x00000000778713b0
 Begin Bits: [0x0000000012890000, 0x00000000137c8000)
 End Bits:   [0x00000000137c8000, 0x0000000014700000)

Polling page: 0x00000000011c0000

CodeCache: size=245760Kb used=2877Kb max_used=2877Kb free=242882Kb
 bounds [0x0000000002d90000, 0x0000000003070000, 0x0000000011d90000]
 total_blobs=1200 nmethods=690 adapters=425
 compilation: enabled

Compilation events (10 events):
Event: 28.476 Thread 0x00000000152db800  686       3       org.eclipse.swt.ole.win32.OlePropertyChangeSink::Release (26 bytes)
Event: 28.476 Thread 0x00000000152db800 nmethod 686 0x00000000030558d0 code [0x0000000003055a40, 0x0000000003055c28]
Event: 28.496 Thread 0x0000000015298000  687       4       java.io.Bits::getInt (43 bytes)
Event: 28.497 Thread 0x0000000015298000 nmethod 687 0x000000000305f3d0 code [0x000000000305f500, 0x000000000305f5d8]
Event: 28.964 Thread 0x00000000152db800  688       3       chrriis.dj.nativeswing.swtimpl.core.ControlCommandMessage::<init> (5 bytes)
Event: 28.964 Thread 0x00000000152db800 nmethod 688 0x000000000305eed0 code [0x000000000305f040, 0x000000000305f290]
Event: 29.344 Thread 0x00000000152db800  689   !   3       java.net.URLClassLoader::defineClass (224 bytes)
Event: 29.350 Thread 0x00000000152db800 nmethod 689 0x000000000305f690 code [0x000000000305fac0, 0x0000000003062588]
Event: 29.591 Thread 0x00000000152db800  690       3       org.eclipse.swt.ole.win32.OleEventTable::unhook (61 bytes)
Event: 29.592 Thread 0x00000000152db800 nmethod 690 0x000000000305e710 code [0x000000000305e8a0, 0x000000000305ecf0]

GC Heap History (10 events):
Event: 6.011 GC heap before
{Heap before GC invocations=7 (full 0):
 PSYoungGen      total 5632K, used 5220K [0x00000000ebb80000, 0x00000000ec280000, 0x0000000100000000)
  eden space 4096K, 100% used [0x00000000ebb80000,0x00000000ebf80000,0x00000000ebf80000)
  from space 1536K, 73% used [0x00000000ec100000,0x00000000ec219150,0x00000000ec280000)
  to   space 1536K, 0% used [0x00000000ebf80000,0x00000000ebf80000,0x00000000ec100000)
 ParOldGen       total 61952K, used 1288K [0x00000000c3200000, 0x00000000c6e80000, 0x00000000ebb80000)
  object space 61952K, 2% used [0x00000000c3200000,0x00000000c3342058,0x00000000c6e80000)
 Metaspace       used 7147K, capacity 7298K, committed 7552K, reserved 1056768K
  class space    used 807K, capacity 835K, committed 896K, reserved 1048576K
Event: 6.013 GC heap after
Heap after GC invocations=7 (full 0):
 PSYoungGen      total 5632K, used 881K [0x00000000ebb80000, 0x00000000ec680000, 0x0000000100000000)
  eden space 4096K, 0% used [0x00000000ebb80000,0x00000000ebb80000,0x00000000ebf80000)
  from space 1536K, 57% used [0x00000000ebf80000,0x00000000ec05c6a8,0x00000000ec100000)
  to   space 1536K, 0% used [0x00000000ec500000,0x00000000ec500000,0x00000000ec680000)
 ParOldGen       total 61952K, used 1520K [0x00000000c3200000, 0x00000000c6e80000, 0x00000000ebb80000)
  object space 61952K, 2% used [0x00000000c3200000,0x00000000c337c088,0x00000000c6e80000)
 Metaspace       used 7147K, capacity 7298K, committed 7552K, reserved 1056768K
  class space    used 807K, capacity 835K, committed 896K, reserved 1048576K
}
Event: 13.590 GC heap before
{Heap before GC invocations=8 (full 0):
 PSYoungGen      total 5632K, used 4977K [0x00000000ebb80000, 0x00000000ec680000, 0x0000000100000000)
  eden space 4096K, 100% used [0x00000000ebb80000,0x00000000ebf80000,0x00000000ebf80000)
  from space 1536K, 57% used [0x00000000ebf80000,0x00000000ec05c6a8,0x00000000ec100000)
  to   space 1536K, 0% used [0x00000000ec500000,0x00000000ec500000,0x00000000ec680000)
 ParOldGen       total 61952K, used 1520K [0x00000000c3200000, 0x00000000c6e80000, 0x00000000ebb80000)
  object space 61952K, 2% used [0x00000000c3200000,0x00000000c337c088,0x00000000c6e80000)
 Metaspace       used 7236K, capacity 7386K, committed 7552K, reserved 1056768K
  class space    used 814K, capacity 839K, committed 896K, reserved 1048576K
Event: 13.592 GC heap after
Heap after GC invocations=8 (full 0):
 PSYoungGen      total 9728K, used 544K [0x00000000ebb80000, 0x00000000ec680000, 0x0000000100000000)
  eden space 8192K, 0% used [0x00000000ebb80000,0x00000000ebb80000,0x00000000ec380000)
  from space 1536K, 35% used [0x00000000ec500000,0x00000000ec588000,0x00000000ec680000)
  to   space 1536K, 0% used [0x00000000ec380000,0x00000000ec380000,0x00000000ec500000)
 ParOldGen       total 61952K, used 1636K [0x00000000c3200000, 0x00000000c6e80000, 0x00000000ebb80000)
  object space 61952K, 2% used [0x00000000c3200000,0x00000000c3399108,0x00000000c6e80000)
 Metaspace       used 7236K, capacity 7386K, committed 7552K, reserved 1056768K
  class space    used 814K, capacity 839K, committed 896K, reserved 1048576K
}
Event: 20.551 GC heap before
{Heap before GC invocations=9 (full 0):
 PSYoungGen      total 9728K, used 8736K [0x00000000ebb80000, 0x00000000ec680000, 0x0000000100000000)
  eden space 8192K, 100% used [0x00000000ebb80000,0x00000000ec380000,0x00000000ec380000)
  from space 1536K, 35% used [0x00000000ec500000,0x00000000ec588000,0x00000000ec680000)
  to   space 1536K, 0% used [0x00000000ec380000,0x00000000ec380000,0x00000000ec500000)
 ParOldGen       total 61952K, used 1636K [0x00000000c3200000, 0x00000000c6e80000, 0x00000000ebb80000)
  object space 61952K, 2% used [0x00000000c3200000,0x00000000c3399108,0x00000000c6e80000)
 Metaspace       used 7383K, capacity 7532K, committed 7808K, reserved 1056768K
  class space    used 816K, capacity 842K, committed 896K, reserved 1048576K
Event: 20.558 GC heap after
Heap after GC invocations=9 (full 0):
 PSYoungGen      total 9728K, used 320K [0x00000000ebb80000, 0x00000000ec680000, 0x0000000100000000)
  eden space 8192K, 0% used [0x00000000ebb80000,0x00000000ebb80000,0x00000000ec380000)
  from space 1536K, 20% used [0x00000000ec380000,0x00000000ec3d0000,0x00000000ec500000)
  to   space 1536K, 0% used [0x00000000ec500000,0x00000000ec500000,0x00000000ec680000)
 ParOldGen       total 61952K, used 1912K [0x00000000c3200000, 0x00000000c6e80000, 0x00000000ebb80000)
  object space 61952K, 3% used [0x00000000c3200000,0x00000000c33de178,0x00000000c6e80000)
 Metaspace       used 7383K, capacity 7532K, committed 7808K, reserved 1056768K
  class space    used 816K, capacity 842K, committed 896K, reserved 1048576K
}
Event: 26.131 GC heap before
{Heap before GC invocations=10 (full 0):
 PSYoungGen      total 9728K, used 8512K [0x00000000ebb80000, 0x00000000ec680000, 0x0000000100000000)
  eden space 8192K, 100% used [0x00000000ebb80000,0x00000000ec380000,0x00000000ec380000)
  from space 1536K, 20% used [0x00000000ec380000,0x00000000ec3d0000,0x00000000ec500000)
  to   space 1536K, 0% used [0x00000000ec500000,0x00000000ec500000,0x00000000ec680000)
 ParOldGen       total 61952K, used 1912K [0x00000000c3200000, 0x00000000c6e80000, 0x00000000ebb80000)
  object space 61952K, 3% used [0x00000000c3200000,0x00000000c33de178,0x00000000c6e80000)
 Metaspace       used 7402K, capacity 7532K, committed 7808K, reserved 1056768K
  class space    used 816K, capacity 842K, committed 896K, reserved 1048576K
Event: 26.132 GC heap after
Heap after GC invocations=10 (full 0):
 PSYoungGen      total 9728K, used 224K [0x00000000ebb80000, 0x00000000ec680000, 0x0000000100000000)
  eden space 8192K, 0% used [0x00000000ebb80000,0x00000000ebb80000,0x00000000ec380000)
  from space 1536K, 14% used [0x00000000ec500000,0x00000000ec538000,0x00000000ec680000)
  to   space 1536K, 0% used [0x00000000ec380000,0x00000000ec380000,0x00000000ec500000)
 ParOldGen       total 61952K, used 2124K [0x00000000c3200000, 0x00000000c6e80000, 0x00000000ebb80000)
  object space 61952K, 3% used [0x00000000c3200000,0x00000000c3413188,0x00000000c6e80000)
 Metaspace       used 7402K, capacity 7532K, committed 7808K, reserved 1056768K
  class space    used 816K, capacity 842K, committed 896K, reserved 1048576K
}
Event: 28.532 GC heap before
{Heap before GC invocations=11 (full 0):
 PSYoungGen      total 9728K, used 8416K [0x00000000ebb80000, 0x00000000ec680000, 0x0000000100000000)
  eden space 8192K, 100% used [0x00000000ebb80000,0x00000000ec380000,0x00000000ec380000)
  from space 1536K, 14% used [0x00000000ec500000,0x00000000ec538000,0x00000000ec680000)
  to   space 1536K, 0% used [0x00000000ec380000,0x00000000ec380000,0x00000000ec500000)
 ParOldGen       total 61952K, used 2124K [0x00000000c3200000, 0x00000000c6e80000, 0x00000000ebb80000)
  object space 61952K, 3% used [0x00000000c3200000,0x00000000c3413188,0x00000000c6e80000)
 Metaspace       used 7426K, capacity 7538K, committed 7808K, reserved 1056768K
  class space    used 817K, capacity 843K, committed 896K, reserved 1048576K
Event: 28.533 GC heap after
Heap after GC invocations=11 (full 0):
 PSYoungGen      total 9728K, used 160K [0x00000000ebb80000, 0x00000000ec680000, 0x0000000100000000)
  eden space 8192K, 0% used [0x00000000ebb80000,0x00000000ebb80000,0x00000000ec380000)
  from space 1536K, 10% used [0x00000000ec380000,0x00000000ec3a8000,0x00000000ec500000)
  to   space 1536K, 0% used [0x00000000ec500000,0x00000000ec500000,0x00000000ec680000)
 ParOldGen       total 61952K, used 2300K [0x00000000c3200000, 0x00000000c6e80000, 0x00000000ebb80000)
  object space 61952K, 3% used [0x00000000c3200000,0x00000000c343f188,0x00000000c6e80000)
 Metaspace       used 7426K, capacity 7538K, committed 7808K, reserved 1056768K
  class space    used 817K, capacity 843K, committed 896K, reserved 1048576K
}

Deoptimization events (0 events):
No events

Internal exceptions (10 events):
Event: 27.807 Thread 0x0000000002d8d800 Exception <a 'java/security/PrivilegedActionException'> (0x00000000ec126870) thrown at [D:\re\workspace\8-2-build-windows-amd64-cygwin\jdk8\1760\hotspot\src\share\vm\prims\jvm.cpp, line 1248]
Event: 28.506 Thread 0x0000000002d8d800 Exception <a 'java/lang/ClassNotFoundException': sun/net/www/protocol/about/Handler> (0x00000000ec3112b0) thrown at [D:\re\workspace\8-2-build-windows-amd64-cygwin\jdk8\1760\hotspot\src\share\vm\classfile\systemDictionary.cpp, line 202]
Event: 28.506 Thread 0x0000000002d8d800 Exception <a 'java/security/PrivilegedActionException'> (0x00000000ec311940) thrown at [D:\re\workspace\8-2-build-windows-amd64-cygwin\jdk8\1760\hotspot\src\share\vm\prims\jvm.cpp, line 1248]
Event: 28.506 Thread 0x0000000002d8d800 Exception <a 'java/security/PrivilegedActionException'> (0x00000000ec312110) thrown at [D:\re\workspace\8-2-build-windows-amd64-cygwin\jdk8\1760\hotspot\src\share\vm\prims\jvm.cpp, line 1248]
Event: 28.522 Thread 0x0000000016c55800 Exception <a 'java/lang/NoSuchMethodError': <clinit>> (0x00000000ec360930) thrown at [D:\re\workspace\8-2-build-windows-amd64-cygwin\jdk8\1760\hotspot\src\share\vm\prims\jni.cpp, line 1599]
Event: 28.547 Thread 0x0000000002d8d800 Exception <a 'java/security/PrivilegedActionException'> (0x00000000ebbb9848) thrown at [D:\re\workspace\8-2-build-windows-amd64-cygwin\jdk8\1760\hotspot\src\share\vm\prims\jvm.cpp, line 1248]
Event: 29.337 Thread 0x0000000016c55800 Exception <a 'java/security/PrivilegedActionException'> (0x00000000ebbcd378) thrown at [D:\re\workspace\8-2-build-windows-amd64-cygwin\jdk8\1760\hotspot\src\share\vm\prims\jvm.cpp, line 1248]
Event: 29.340 Thread 0x0000000016c55800 Exception <a 'java/lang/NoSuchMethodError': <clinit>> (0x00000000ebc4b518) thrown at [D:\re\workspace\8-2-build-windows-amd64-cygwin\jdk8\1760\hotspot\src\share\vm\prims\jni.cpp, line 1599]
Event: 29.341 Thread 0x0000000016c55800 Exception <a 'java/security/PrivilegedActionException'> (0x00000000ebc4da18) thrown at [D:\re\workspace\8-2-build-windows-amd64-cygwin\jdk8\1760\hotspot\src\share\vm\prims\jvm.cpp, line 1248]
Event: 29.344 Thread 0x0000000016dae000 Exception <a 'java/security/PrivilegedActionException'> (0x00000000ebc52af0) thrown at [D:\re\workspace\8-2-build-windows-amd64-cygwin\jdk8\1760\hotspot\src\share\vm\prims\jvm.cpp, line 1248]

Events (10 events):
Event: 28.533 Executing VM operation: ParallelGCFailedAllocation done
Event: 28.547 loading class org/eclipse/swt/events/DisposeEvent
Event: 28.547 loading class org/eclipse/swt/events/DisposeEvent done
Event: 29.337 loading class chrriis/dj/nativeswing/swtimpl/core/SWTNativeInterface$OutProcess$CMN_destroyControls
Event: 29.337 loading class chrriis/dj/nativeswing/swtimpl/core/SWTNativeInterface$OutProcess$CMN_destroyControls done
Event: 29.341 loading class chrriis/dj/nativeswing/swtimpl/core/MessagingInterface$2$1
Event: 29.341 loading class chrriis/dj/nativeswing/swtimpl/core/MessagingInterface$2$1 done
Event: 29.343 Thread 0x0000000016dae000 Thread added: 0x0000000016dae000
Event: 29.344 loading class chrriis/dj/nativeswing/swtimpl/core/SWTNativeInterface$OutProcess$CMN_destroyControls$1
Event: 29.344 loading class chrriis/dj/nativeswing/swtimpl/core/SWTNativeInterface$OutProcess$CMN_destroyControls$1 done


Dynamic libraries:
0x00007ff6dbd50000 - 0x00007ff6dbd84000 	C:\Program Files\Java\jre8\bin\java.exe
0x00007ff8f3790000 - 0x00007ff8f3939000 	C:\Windows\SYSTEM32\ntdll.dll
0x00007ff8f3400000 - 0x00007ff8f3539000 	C:\Windows\system32\KERNEL32.DLL
0x00007ff8f0d30000 - 0x00007ff8f0e3e000 	C:\Windows\system32\KERNELBASE.dll
0x00007ff8ef740000 - 0x00007ff8ef7cb000 	C:\Windows\system32\apphelp.dll
0x00007ff8eb530000 - 0x00007ff8eb57c000 	C:\Windows\AppPatch\AppPatch64\AcGenral.DLL
0x00007ff8f1080000 - 0x00007ff8f1127000 	C:\Windows\system32\msvcrt.dll
0x00007ff8f09c0000 - 0x00007ff8f09eb000 	C:\Windows\SYSTEM32\SspiCli.dll
0x00007ff8f1c10000 - 0x00007ff8f1c61000 	C:\Windows\system32\SHLWAPI.dll
0x00007ff8f1140000 - 0x00007ff8f12b1000 	C:\Windows\system32\USER32.dll
0x00007ff8f12c0000 - 0x00007ff8f1436000 	C:\Windows\system32\ole32.dll
0x00007ff8f1e60000 - 0x00007ff8f326f000 	C:\Windows\system32\SHELL32.dll
0x00007ff8f01a0000 - 0x00007ff8f01bf000 	C:\Windows\SYSTEM32\USERENV.dll
0x00007ff8f1b50000 - 0x00007ff8f1bf5000 	C:\Windows\system32\ADVAPI32.dll
0x00007ff8eac60000 - 0x00007ff8eac7b000 	C:\Windows\SYSTEM32\MPR.dll
0x00007ff8f19d0000 - 0x00007ff8f1b06000 	C:\Windows\system32\RPCRT4.dll
0x00007ff8f1020000 - 0x00007ff8f1077000 	C:\Windows\SYSTEM32\sechost.dll
0x00007ff8f1440000 - 0x00007ff8f1617000 	C:\Windows\SYSTEM32\combase.dll
0x00007ff8f1820000 - 0x00007ff8f1965000 	C:\Windows\system32\GDI32.dll
0x00007ff8f0b10000 - 0x00007ff8f0b24000 	C:\Windows\SYSTEM32\profapi.dll
0x00007ff8ef160000 - 0x00007ff8ef201000 	C:\Windows\SYSTEM32\SHCORE.dll
0x00007ff8f1b10000 - 0x00007ff8f1b44000 	C:\Windows\system32\IMM32.DLL
0x00007ff8f1d20000 - 0x00007ff8f1e58000 	C:\Windows\system32\MSCTF.dll
0x00007ff8ee8e0000 - 0x00007ff8eeb3a000 	C:\Windows\WinSxS\amd64_microsoft.windows.common-controls_6595b64144ccf1df_6.0.9600.16384_none_62475f7becb72503\COMCTL32.dll
0x0000000077c10000 - 0x0000000077ce2000 	C:\Program Files\Java\jre8\bin\msvcr100.dll
0x00000000770c0000 - 0x00000000778ea000 	C:\Program Files\Java\jre8\bin\server\jvm.dll
0x00007ff8ec6f0000 - 0x00007ff8ec6f9000 	C:\Windows\SYSTEM32\WSOCK32.dll
0x00007ff8ec750000 - 0x00007ff8ec76f000 	C:\Windows\SYSTEM32\WINMM.dll
0x00007ff8f3390000 - 0x00007ff8f3397000 	C:\Windows\system32\PSAPI.DLL
0x00007ff8f3330000 - 0x00007ff8f3388000 	C:\Windows\system32\WS2_32.dll
0x00007ff8ec720000 - 0x00007ff8ec74a000 	C:\Windows\SYSTEM32\WINMMBASE.dll
0x00007ff8f36e0000 - 0x00007ff8f36e9000 	C:\Windows\system32\NSI.dll
0x00007ff8f0be0000 - 0x00007ff8f0c2a000 	C:\Windows\SYSTEM32\cfgmgr32.dll
0x00007ff8ef990000 - 0x00007ff8ef9b6000 	C:\Windows\SYSTEM32\DEVOBJ.dll
0x0000000050010000 - 0x000000005001f000 	C:\Program Files\Java\jre8\bin\verify.dll
0x0000000077be0000 - 0x0000000077c08000 	C:\Program Files\Java\jre8\bin\java.dll
0x0000000077bc0000 - 0x0000000077bd6000 	C:\Program Files\Java\jre8\bin\zip.dll
0x0000000077ba0000 - 0x0000000077bba000 	C:\Program Files\Java\jre8\bin\net.dll
0x00007ff8f0440000 - 0x00007ff8f0498000 	C:\Windows\system32\mswsock.dll
0x0000000002cb0000 - 0x0000000002d58000 	C:\Users\Windows\.swt\lib\win32\x86_64\swt-win32-4332.dll
0x00007ff8f3270000 - 0x00007ff8f3327000 	C:\Windows\system32\OLEAUT32.dll
0x00007ff8f36f0000 - 0x00007ff8f378a000 	C:\Windows\system32\comdlg32.dll
0x00007ff8e78b0000 - 0x00007ff8e792b000 	C:\Windows\SYSTEM32\WINSPOOL.DRV
0x00007ff8eb4f0000 - 0x00007ff8eb504000 	C:\Windows\SYSTEM32\USP10.dll
0x00007ff8eaf80000 - 0x00007ff8eb1c0000 	C:\Windows\SYSTEM32\WININET.dll
0x00007ff8f0e40000 - 0x00007ff8f1017000 	C:\Windows\system32\CRYPT32.dll
0x00007ff8eacd0000 - 0x00007ff8eaf78000 	C:\Windows\SYSTEM32\iertutil.dll
0x00007ff8f0bc0000 - 0x00007ff8f0bd2000 	C:\Windows\system32\MSASN1.dll
0x00007ff8ef810000 - 0x00007ff8ef932000 	C:\Windows\system32\uxtheme.dll
0x00007ff8eef80000 - 0x00007ff8eefa1000 	C:\Windows\system32\dwmapi.dll
0x00007ff8ef9e0000 - 0x00007ff8ef9ea000 	C:\Windows\SYSTEM32\kernel.appcore.dll
0x00007ff8f0a50000 - 0x00007ff8f0a5a000 	C:\Windows\SYSTEM32\CRYPTBASE.dll
0x00007ff8f09f0000 - 0x00007ff8f0a4e000 	C:\Windows\SYSTEM32\bcryptPrimitives.dll
0x00007ff8ed120000 - 0x00007ff8ed284000 	C:\Windows\SYSTEM32\propsys.dll
0x00007ff8f1c70000 - 0x00007ff8f1d14000 	C:\Windows\SYSTEM32\clbcatq.dll
0x0000000076f20000 - 0x00000000770b6000 	C:\Program Files\Java\jre8\bin\awt.dll
0x00007ff8e3700000 - 0x00007ff8e436d000 	C:\Windows\System32\ieframe.dll
0x00007ff8f04a0000 - 0x00007ff8f04be000 	C:\Windows\SYSTEM32\CRYPTSP.dll
0x00007ff8f0090000 - 0x00007ff8f00c5000 	C:\Windows\system32\rsaenh.dll
0x00007ff8f06d0000 - 0x00007ff8f06f6000 	C:\Windows\SYSTEM32\bcrypt.dll
0x00007ff8e8f50000 - 0x00007ff8e90af000 	C:\Windows\SYSTEM32\urlmon.dll
0x00007ff8f0a60000 - 0x00007ff8f0af7000 	C:\Windows\SYSTEM32\sxs.dll
0x00007ff8daf20000 - 0x00007ff8dc54d000 	C:\Windows\System32\mshtml.dll
0x00007ff8e7ca0000 - 0x00007ff8e7cab000 	C:\Windows\SYSTEM32\Secur32.dll
0x00007ff8e7c60000 - 0x00007ff8e7c9b000 	C:\Windows\system32\mlang.dll
0x00007ff8e5f10000 - 0x00007ff8e6497000 	C:\Windows\System32\jscript9.dll
0x00007ff8ef7d0000 - 0x00007ff8ef7d9000 	C:\Windows\SYSTEM32\DPAPI.DLL
0x00007ff8dff10000 - 0x00007ff8dff1c000 	C:\Windows\SYSTEM32\ondemandconnroutehelper.dll
0x00007ff8e7200000 - 0x00007ff8e72c5000 	C:\Windows\SYSTEM32\winhttp.dll
0x00007ff8ec4a0000 - 0x00007ff8ec4c9000 	C:\Windows\SYSTEM32\IPHLPAPI.DLL
0x00007ff8ec470000 - 0x00007ff8ec47a000 	C:\Windows\SYSTEM32\WINNSI.DLL
0x00007ff8eb4e0000 - 0x00007ff8eb4ef000 	C:\Windows\system32\msimtf.dll
0x00007ff8f01c0000 - 0x00007ff8f0205000 	C:\Windows\SYSTEM32\powrprof.dll
0x00007ff8eeb40000 - 0x00007ff8eebbf000 	C:\Windows\SYSTEM32\dxgi.dll
0x00007ff8f0250000 - 0x00007ff8f02f3000 	C:\Windows\SYSTEM32\DNSAPI.dll
0x00007ff8ec2b0000 - 0x00007ff8ec2c4000 	C:\Windows\SYSTEM32\dhcpcsvc6.DLL
0x00007ff8ec290000 - 0x00007ff8ec2a9000 	C:\Windows\SYSTEM32\dhcpcsvc.DLL
0x00007ff8e6610000 - 0x00007ff8e6619000 	C:\Windows\System32\rasadhlp.dll
0x00007ff8ebff0000 - 0x00007ff8ec057000 	C:\Windows\System32\fwpuclnt.dll
0x00007ff8ed700000 - 0x00007ff8edb66000 	C:\Windows\SYSTEM32\d2d1.dll
0x00007ff8edd80000 - 0x00007ff8edf5f000 	C:\Windows\SYSTEM32\DWrite.dll
0x00007ff8eebc0000 - 0x00007ff8eedc8000 	C:\Windows\SYSTEM32\d3d11.dll
0x00007ff8ed2b0000 - 0x00007ff8ed4fd000 	C:\Windows\SYSTEM32\d3d10warp.dll
0x00007ff8ed550000 - 0x00007ff8ed588000 	C:\Windows\SYSTEM32\XmlLite.dll
0x00007ff8da050000 - 0x00007ff8daf14000 	C:\Windows\System32\Macromed\Flash\Flash.ocx
0x00007ff8e7540000 - 0x00007ff8e754a000 	C:\Windows\SYSTEM32\VERSION.dll
0x00007ff8ec770000 - 0x00007ff8ec7f7000 	C:\Windows\SYSTEM32\DSOUND.dll
0x00007ff8e8760000 - 0x00007ff8e8767000 	C:\Windows\SYSTEM32\MSIMG32.dll
0x00007ff8e7f20000 - 0x00007ff8e7f60000 	C:\Windows\SYSTEM32\DINPUT8.dll
0x00007ff8e6c10000 - 0x00007ff8e6d2b000 	C:\Windows\SYSTEM32\UIAutomationCore.DLL
0x00007ff8e4d50000 - 0x00007ff8e4ddd000 	C:\Windows\SYSTEM32\mscms.dll
0x00007ff8eede0000 - 0x00007ff8eef73000 	C:\Windows\system32\windowscodecs.dll
0x00007ff8effe0000 - 0x00007ff8f004c000 	C:\Windows\system32\schannel.DLL
0x00007ff8e4de0000 - 0x00007ff8e4e29000 	C:\Windows\system32\windowscodecsext.dll
0x00007ff8eb830000 - 0x00007ff8eba73000 	C:\Windows\System32\msxml6.dll
0x00007ff8e8060000 - 0x00007ff8e80a2000 	C:\Windows\SYSTEM32\msls31.dll
0x00007ff8ee200000 - 0x00007ff8ee261000 	C:\Windows\System32\MMDevApi.dll
0x00007ff8ec500000 - 0x00007ff8ec576000 	C:\Windows\SYSTEM32\AUDIOSES.DLL
0x00007ff8e6bc0000 - 0x00007ff8e6c01000 	C:\Windows\SYSTEM32\icm32.dll
0x00007ff8e6b70000 - 0x00007ff8e6bbd000 	C:\Windows\System32\Dxtrans.dll
0x00007ff8ecc20000 - 0x00007ff8ecc3b000 	C:\Windows\System32\ATL.DLL
0x00007ff8eb4b0000 - 0x00007ff8eb4bf000 	C:\Windows\System32\ddrawex.dll
0x00007ff8e6510000 - 0x00007ff8e6604000 	C:\Windows\System32\DDRAW.dll
0x00007ff8eb470000 - 0x00007ff8eb479000 	C:\Windows\System32\DCIMAN32.dll
0x00007ff8e6af0000 - 0x00007ff8e6b61000 	C:\Windows\System32\Dxtmsft.dll
0x00007ff8f1640000 - 0x00007ff8f1816000 	C:\Windows\system32\SETUPAPI.dll
0x00007ff8f0ce0000 - 0x00007ff8f0d2e000 	C:\Windows\system32\WINTRUST.dll
0x00007ff8efd10000 - 0x00007ff8efd33000 	C:\Windows\SYSTEM32\gpapi.dll
0x00007ff8f06a0000 - 0x00007ff8f06c4000 	C:\Windows\SYSTEM32\ncrypt.dll
0x00007ff8f0660000 - 0x00007ff8f069a000 	C:\Windows\SYSTEM32\NTASN1.dll
0x00007ff8ea770000 - 0x00007ff8ea7a4000 	C:\Windows\System32\cryptnet.dll
0x00007ff8f1970000 - 0x00007ff8f19ca000 	C:\Windows\system32\WLDAP32.dll
0x00007ff8e75f0000 - 0x00007ff8e760b000 	C:\Windows\system32\ncryptsslp.dll
0x00007ff8e0c30000 - 0x00007ff8e0db8000 	C:\Windows\SYSTEM32\dbghelp.dll

VM Arguments:
jvm_args: -Djava.library.path=C:\Program Files\Java\jre8\bin;C:\Windows\Sun\Java\bin;C:\Windows\system32;C:\Windows;D:\xampp\php;C:\Windows\system32;C:\Windows;C:\Windows\System32\Wbem;C:\Windows\System32\WindowsPowerShell\v1.0\;C:\Program Files\Java\jdk1.8.0\bin\;C:\Program Files (x86)\Bitvise SSH Client;D:\xampp\php;C:\Program Files\nodejs\;C:\Program Files\TortoiseSVN\bin;C:\Users\Windows\appdata\local\scoop\shims;C:\Users\Windows\AppData\Roaming\npm;C:\Program Files (x86)\GnuWin32\bin;C:\Users\Windows\appdata\local\scoop\shims;C:\Users\Windows\AppData\Roaming\npm;. -Dnativeswing.localhostAddress=127.0.0.1 
java_command: chrriis.dj.nativeswing.swtimpl.NativeInterface 1 50308
java_class_path (initial): D:\Synch\Data\Dropbox\Project Chung\04_Sourcecode\Java\GUI\lib\DJNativeSwing.jar;D:\Synch\Data\Dropbox\Project Chung\04_Sourcecode\Java\GUI\lib\DJNativeSwing-SWT.jar;D:\Synch\Data\Dropbox\Project Chung\04_Sourcecode\Java\GUI\lib\swt.jar
Launcher Type: SUN_STANDARD

Environment Variables:
PATH=D:\xampp\php;C:\Windows\system32;C:\Windows;C:\Windows\System32\Wbem;C:\Windows\System32\WindowsPowerShell\v1.0\;C:\Program Files\Java\jdk1.8.0\bin\;C:\Program Files (x86)\Bitvise SSH Client;D:\xampp\php;C:\Program Files\nodejs\;C:\Program Files\TortoiseSVN\bin;C:\Users\Windows\appdata\local\scoop\shims;C:\Users\Windows\AppData\Roaming\npm;C:\Program Files (x86)\GnuWin32\bin;C:\Users\Windows\appdata\local\scoop\shims;C:\Users\Windows\AppData\Roaming\npm
USERNAME=Windows
OS=Windows_NT
PROCESSOR_IDENTIFIER=Intel64 Family 6 Model 37 Stepping 5, GenuineIntel



---------------  S Y S T E M  ---------------

OS: Windows 8.1 , 64 bit Build 9600 

CPU:total 4 (2 cores per cpu, 2 threads per core) family 6 model 37 stepping 5, cmov, cx8, fxsr, mmx, sse, sse2, sse3, ssse3, sse4.1, sse4.2, popcnt, ht, tsc, tscinvbit

Memory: 4k page, physical 3987308k(1122972k free), swap 8310744k(1383212k free)

vm_info: Java HotSpot(TM) 64-Bit Server VM (25.0-b69) for windows-amd64 JRE (1.8.0-b128), built on Feb  1 2014 08:37:58 by "java_re" with MS VC++ 10.0 (VS2010)

time: Thu May 01 22:25:29 2014
elapsed time: 30 seconds

