
>>> FOUND ERROR at 2014-04-03 17:49:52 <<<
		Heading: 404 Page Not Found
		Message: The page you requested was not found.
		Error code: error_404
		Error number: 404
		Server info: array (
  'MIBDIRS' => 'D:/xampp/php/extras/mibs',
  'MYSQL_HOME' => '\\xampp\\mysql\\bin',
  'OPENSSL_CONF' => 'D:/xampp/apache/bin/openssl.cnf',
  'PHP_PEAR_SYSCONF_DIR' => '\\xampp\\php',
  'PHPRC' => '\\xampp\\php',
  'TMP' => '\\xampp\\tmp',
  'HTTP_HOST' => 'localhost',
  'HTTP_CONNECTION' => 'keep-alive',
  'HTTP_CACHE_CONTROL' => 'max-age=0',
  'HTTP_ACCEPT' => 'text/html,application/xhtml+xml,application/xml;q=0.9,image/webp,*/*;q=0.8',
  'HTTP_USER_AGENT' => 'Mozilla/5.0 (Windows NT 6.3; WOW64) AppleWebKit/537.36 (KHTML, like Gecko) Chrome/34.0.1825.4 Safari/537.36',
  'HTTP_ACCEPT_ENCODING' => 'gzip,deflate,sdch',
  'HTTP_ACCEPT_LANGUAGE' => 'vi-VN,vi;q=0.8,fr-FR;q=0.6,fr;q=0.4,en-US;q=0.2,en;q=0.2',
  'PATH' => 'C:\\Windows\\system32;C:\\Windows;C:\\Windows\\System32\\Wbem;C:\\Windows\\System32\\WindowsPowerShell\\v1.0\\;C:\\Program Files\\Java\\jdk1.8.0\\bin\\;C:\\Program Files (x86)\\Bitvise SSH Client;D:\\xampp\\php;C:\\Program Files\\nodejs\\;C:\\Program Files\\TortoiseSVN\\bin;C:\\Users\\Windows\\AppData\\Roaming\\npm',
  'SystemRoot' => 'C:\\Windows',
  'COMSPEC' => 'C:\\Windows\\system32\\cmd.exe',
  'PATHEXT' => '.COM;.EXE;.BAT;.CMD;.VBS;.VBE;.JS;.JSE;.WSF;.WSH;.MSC',
  'WINDIR' => 'C:\\Windows',
  'SERVER_SIGNATURE' => '<address>Apache/2.4.4 (Win32) OpenSSL/1.0.1e PHP/5.5.3 Server at localhost Port 80</address>
',
  'SERVER_SOFTWARE' => 'Apache/2.4.4 (Win32) OpenSSL/1.0.1e PHP/5.5.3',
  'SERVER_NAME' => 'localhost',
  'SERVER_ADDR' => '::1',
  'SERVER_PORT' => '80',
  'REMOTE_ADDR' => '::1',
  'DOCUMENT_ROOT' => 'D:/xampp/htdocs',
  'REQUEST_SCHEME' => 'http',
  'CONTEXT_PREFIX' => '',
  'CONTEXT_DOCUMENT_ROOT' => 'D:/xampp/htdocs',
  'SERVER_ADMIN' => 'webmaster@dummy-host2.example.com',
  'SCRIPT_FILENAME' => 'D:/xampp/htdocs/auto/index.php',
  'REMOTE_PORT' => '51178',
  'GATEWAY_INTERFACE' => 'CGI/1.1',
  'SERVER_PROTOCOL' => 'HTTP/1.1',
  'REQUEST_METHOD' => 'GET',
  'QUERY_STRING' => '',
  'REQUEST_URI' => '/auto/index.php/online',
  'SCRIPT_NAME' => '/auto/index.php',
  'PATH_INFO' => '/online',
  'PATH_TRANSLATED' => 'D:\\xampp\\htdocs\\online',
  'PHP_SELF' => '/auto/index.php/online',
  'REQUEST_TIME_FLOAT' => 1396540192.895,
  'REQUEST_TIME' => 1396540192,
)
>>> END ERROR at 2014-04-03 17:49:52 <<<

>>> FOUND ERROR at 2014-04-03 17:50:32 <<<
		Heading: 404 Page Not Found
		Message: The page you requested was not found.
		Error code: error_404
		Error number: 404
		Server info: array (
  'MIBDIRS' => 'D:/xampp/php/extras/mibs',
  'MYSQL_HOME' => '\\xampp\\mysql\\bin',
  'OPENSSL_CONF' => 'D:/xampp/apache/bin/openssl.cnf',
  'PHP_PEAR_SYSCONF_DIR' => '\\xampp\\php',
  'PHPRC' => '\\xampp\\php',
  'TMP' => '\\xampp\\tmp',
  'HTTP_HOST' => 'localhost',
  'HTTP_CONNECTION' => 'keep-alive',
  'HTTP_CACHE_CONTROL' => 'max-age=0',
  'HTTP_ACCEPT' => 'text/html,application/xhtml+xml,application/xml;q=0.9,image/webp,*/*;q=0.8',
  'HTTP_USER_AGENT' => 'Mozilla/5.0 (Windows NT 6.3; WOW64) AppleWebKit/537.36 (KHTML, like Gecko) Chrome/34.0.1825.4 Safari/537.36',
  'HTTP_ACCEPT_ENCODING' => 'gzip,deflate,sdch',
  'HTTP_ACCEPT_LANGUAGE' => 'vi-VN,vi;q=0.8,fr-FR;q=0.6,fr;q=0.4,en-US;q=0.2,en;q=0.2',
  'PATH' => 'C:\\Windows\\system32;C:\\Windows;C:\\Windows\\System32\\Wbem;C:\\Windows\\System32\\WindowsPowerShell\\v1.0\\;C:\\Program Files\\Java\\jdk1.8.0\\bin\\;C:\\Program Files (x86)\\Bitvise SSH Client;D:\\xampp\\php;C:\\Program Files\\nodejs\\;C:\\Program Files\\TortoiseSVN\\bin;C:\\Users\\Windows\\AppData\\Roaming\\npm',
  'SystemRoot' => 'C:\\Windows',
  'COMSPEC' => 'C:\\Windows\\system32\\cmd.exe',
  'PATHEXT' => '.COM;.EXE;.BAT;.CMD;.VBS;.VBE;.JS;.JSE;.WSF;.WSH;.MSC',
  'WINDIR' => 'C:\\Windows',
  'SERVER_SIGNATURE' => '<address>Apache/2.4.4 (Win32) OpenSSL/1.0.1e PHP/5.5.3 Server at localhost Port 80</address>
',
  'SERVER_SOFTWARE' => 'Apache/2.4.4 (Win32) OpenSSL/1.0.1e PHP/5.5.3',
  'SERVER_NAME' => 'localhost',
  'SERVER_ADDR' => '::1',
  'SERVER_PORT' => '80',
  'REMOTE_ADDR' => '::1',
  'DOCUMENT_ROOT' => 'D:/xampp/htdocs',
  'REQUEST_SCHEME' => 'http',
  'CONTEXT_PREFIX' => '',
  'CONTEXT_DOCUMENT_ROOT' => 'D:/xampp/htdocs',
  'SERVER_ADMIN' => 'webmaster@dummy-host2.example.com',
  'SCRIPT_FILENAME' => 'D:/xampp/htdocs/auto/index.php',
  'REMOTE_PORT' => '51229',
  'GATEWAY_INTERFACE' => 'CGI/1.1',
  'SERVER_PROTOCOL' => 'HTTP/1.1',
  'REQUEST_METHOD' => 'GET',
  'QUERY_STRING' => '',
  'REQUEST_URI' => '/auto/index.php/online',
  'SCRIPT_NAME' => '/auto/index.php',
  'PATH_INFO' => '/online',
  'PATH_TRANSLATED' => 'D:\\xampp\\htdocs\\online',
  'PHP_SELF' => '/auto/index.php/online',
  'REQUEST_TIME_FLOAT' => 1396540232.754,
  'REQUEST_TIME' => 1396540232,
)
>>> END ERROR at 2014-04-03 17:50:32 <<<

>>> FOUND ERROR at 2014-04-03 17:50:33 <<<
		Heading: 404 Page Not Found
		Message: The page you requested was not found.
		Error code: error_404
		Error number: 404
		Server info: array (
  'MIBDIRS' => 'D:/xampp/php/extras/mibs',
  'MYSQL_HOME' => '\\xampp\\mysql\\bin',
  'OPENSSL_CONF' => 'D:/xampp/apache/bin/openssl.cnf',
  'PHP_PEAR_SYSCONF_DIR' => '\\xampp\\php',
  'PHPRC' => '\\xampp\\php',
  'TMP' => '\\xampp\\tmp',
  'HTTP_HOST' => 'localhost',
  'HTTP_CONNECTION' => 'keep-alive',
  'HTTP_CACHE_CONTROL' => 'max-age=0',
  'HTTP_ACCEPT' => 'text/html,application/xhtml+xml,application/xml;q=0.9,image/webp,*/*;q=0.8',
  'HTTP_USER_AGENT' => 'Mozilla/5.0 (Windows NT 6.3; WOW64) AppleWebKit/537.36 (KHTML, like Gecko) Chrome/34.0.1825.4 Safari/537.36',
  'HTTP_ACCEPT_ENCODING' => 'gzip,deflate,sdch',
  'HTTP_ACCEPT_LANGUAGE' => 'vi-VN,vi;q=0.8,fr-FR;q=0.6,fr;q=0.4,en-US;q=0.2,en;q=0.2',
  'PATH' => 'C:\\Windows\\system32;C:\\Windows;C:\\Windows\\System32\\Wbem;C:\\Windows\\System32\\WindowsPowerShell\\v1.0\\;C:\\Program Files\\Java\\jdk1.8.0\\bin\\;C:\\Program Files (x86)\\Bitvise SSH Client;D:\\xampp\\php;C:\\Program Files\\nodejs\\;C:\\Program Files\\TortoiseSVN\\bin;C:\\Users\\Windows\\AppData\\Roaming\\npm',
  'SystemRoot' => 'C:\\Windows',
  'COMSPEC' => 'C:\\Windows\\system32\\cmd.exe',
  'PATHEXT' => '.COM;.EXE;.BAT;.CMD;.VBS;.VBE;.JS;.JSE;.WSF;.WSH;.MSC',
  'WINDIR' => 'C:\\Windows',
  'SERVER_SIGNATURE' => '<address>Apache/2.4.4 (Win32) OpenSSL/1.0.1e PHP/5.5.3 Server at localhost Port 80</address>
',
  'SERVER_SOFTWARE' => 'Apache/2.4.4 (Win32) OpenSSL/1.0.1e PHP/5.5.3',
  'SERVER_NAME' => 'localhost',
  'SERVER_ADDR' => '::1',
  'SERVER_PORT' => '80',
  'REMOTE_ADDR' => '::1',
  'DOCUMENT_ROOT' => 'D:/xampp/htdocs',
  'REQUEST_SCHEME' => 'http',
  'CONTEXT_PREFIX' => '',
  'CONTEXT_DOCUMENT_ROOT' => 'D:/xampp/htdocs',
  'SERVER_ADMIN' => 'webmaster@dummy-host2.example.com',
  'SCRIPT_FILENAME' => 'D:/xampp/htdocs/auto/index.php',
  'REMOTE_PORT' => '51229',
  'GATEWAY_INTERFACE' => 'CGI/1.1',
  'SERVER_PROTOCOL' => 'HTTP/1.1',
  'REQUEST_METHOD' => 'GET',
  'QUERY_STRING' => '',
  'REQUEST_URI' => '/auto/index.php/online',
  'SCRIPT_NAME' => '/auto/index.php',
  'PATH_INFO' => '/online',
  'PATH_TRANSLATED' => 'D:\\xampp\\htdocs\\online',
  'PHP_SELF' => '/auto/index.php/online',
  'REQUEST_TIME_FLOAT' => 1396540233.521,
  'REQUEST_TIME' => 1396540233,
)
>>> END ERROR at 2014-04-03 17:50:33 <<<

>>> FOUND ERROR at 2014-04-03 17:50:33 <<<
		Heading: 404 Page Not Found
		Message: The page you requested was not found.
		Error code: error_404
		Error number: 404
		Server info: array (
  'MIBDIRS' => 'D:/xampp/php/extras/mibs',
  'MYSQL_HOME' => '\\xampp\\mysql\\bin',
  'OPENSSL_CONF' => 'D:/xampp/apache/bin/openssl.cnf',
  'PHP_PEAR_SYSCONF_DIR' => '\\xampp\\php',
  'PHPRC' => '\\xampp\\php',
  'TMP' => '\\xampp\\tmp',
  'HTTP_HOST' => 'localhost',
  'HTTP_CONNECTION' => 'keep-alive',
  'HTTP_CACHE_CONTROL' => 'max-age=0',
  'HTTP_ACCEPT' => 'text/html,application/xhtml+xml,application/xml;q=0.9,image/webp,*/*;q=0.8',
  'HTTP_USER_AGENT' => 'Mozilla/5.0 (Windows NT 6.3; WOW64) AppleWebKit/537.36 (KHTML, like Gecko) Chrome/34.0.1825.4 Safari/537.36',
  'HTTP_ACCEPT_ENCODING' => 'gzip,deflate,sdch',
  'HTTP_ACCEPT_LANGUAGE' => 'vi-VN,vi;q=0.8,fr-FR;q=0.6,fr;q=0.4,en-US;q=0.2,en;q=0.2',
  'PATH' => 'C:\\Windows\\system32;C:\\Windows;C:\\Windows\\System32\\Wbem;C:\\Windows\\System32\\WindowsPowerShell\\v1.0\\;C:\\Program Files\\Java\\jdk1.8.0\\bin\\;C:\\Program Files (x86)\\Bitvise SSH Client;D:\\xampp\\php;C:\\Program Files\\nodejs\\;C:\\Program Files\\TortoiseSVN\\bin;C:\\Users\\Windows\\AppData\\Roaming\\npm',
  'SystemRoot' => 'C:\\Windows',
  'COMSPEC' => 'C:\\Windows\\system32\\cmd.exe',
  'PATHEXT' => '.COM;.EXE;.BAT;.CMD;.VBS;.VBE;.JS;.JSE;.WSF;.WSH;.MSC',
  'WINDIR' => 'C:\\Windows',
  'SERVER_SIGNATURE' => '<address>Apache/2.4.4 (Win32) OpenSSL/1.0.1e PHP/5.5.3 Server at localhost Port 80</address>
',
  'SERVER_SOFTWARE' => 'Apache/2.4.4 (Win32) OpenSSL/1.0.1e PHP/5.5.3',
  'SERVER_NAME' => 'localhost',
  'SERVER_ADDR' => '::1',
  'SERVER_PORT' => '80',
  'REMOTE_ADDR' => '::1',
  'DOCUMENT_ROOT' => 'D:/xampp/htdocs',
  'REQUEST_SCHEME' => 'http',
  'CONTEXT_PREFIX' => '',
  'CONTEXT_DOCUMENT_ROOT' => 'D:/xampp/htdocs',
  'SERVER_ADMIN' => 'webmaster@dummy-host2.example.com',
  'SCRIPT_FILENAME' => 'D:/xampp/htdocs/auto/index.php',
  'REMOTE_PORT' => '51229',
  'GATEWAY_INTERFACE' => 'CGI/1.1',
  'SERVER_PROTOCOL' => 'HTTP/1.1',
  'REQUEST_METHOD' => 'GET',
  'QUERY_STRING' => '',
  'REQUEST_URI' => '/auto/index.php/online',
  'SCRIPT_NAME' => '/auto/index.php',
  'PATH_INFO' => '/online',
  'PATH_TRANSLATED' => 'D:\\xampp\\htdocs\\online',
  'PHP_SELF' => '/auto/index.php/online',
  'REQUEST_TIME_FLOAT' => 1396540233.887,
  'REQUEST_TIME' => 1396540233,
)
>>> END ERROR at 2014-04-03 17:50:33 <<<

>>> FOUND ERROR at 2014-04-03 17:50:34 <<<
		Heading: 404 Page Not Found
		Message: The page you requested was not found.
		Error code: error_404
		Error number: 404
		Server info: array (
  'MIBDIRS' => 'D:/xampp/php/extras/mibs',
  'MYSQL_HOME' => '\\xampp\\mysql\\bin',
  'OPENSSL_CONF' => 'D:/xampp/apache/bin/openssl.cnf',
  'PHP_PEAR_SYSCONF_DIR' => '\\xampp\\php',
  'PHPRC' => '\\xampp\\php',
  'TMP' => '\\xampp\\tmp',
  'HTTP_HOST' => 'localhost',
  'HTTP_CONNECTION' => 'keep-alive',
  'HTTP_CACHE_CONTROL' => 'max-age=0',
  'HTTP_ACCEPT' => 'text/html,application/xhtml+xml,application/xml;q=0.9,image/webp,*/*;q=0.8',
  'HTTP_USER_AGENT' => 'Mozilla/5.0 (Windows NT 6.3; WOW64) AppleWebKit/537.36 (KHTML, like Gecko) Chrome/34.0.1825.4 Safari/537.36',
  'HTTP_ACCEPT_ENCODING' => 'gzip,deflate,sdch',
  'HTTP_ACCEPT_LANGUAGE' => 'vi-VN,vi;q=0.8,fr-FR;q=0.6,fr;q=0.4,en-US;q=0.2,en;q=0.2',
  'PATH' => 'C:\\Windows\\system32;C:\\Windows;C:\\Windows\\System32\\Wbem;C:\\Windows\\System32\\WindowsPowerShell\\v1.0\\;C:\\Program Files\\Java\\jdk1.8.0\\bin\\;C:\\Program Files (x86)\\Bitvise SSH Client;D:\\xampp\\php;C:\\Program Files\\nodejs\\;C:\\Program Files\\TortoiseSVN\\bin;C:\\Users\\Windows\\AppData\\Roaming\\npm',
  'SystemRoot' => 'C:\\Windows',
  'COMSPEC' => 'C:\\Windows\\system32\\cmd.exe',
  'PATHEXT' => '.COM;.EXE;.BAT;.CMD;.VBS;.VBE;.JS;.JSE;.WSF;.WSH;.MSC',
  'WINDIR' => 'C:\\Windows',
  'SERVER_SIGNATURE' => '<address>Apache/2.4.4 (Win32) OpenSSL/1.0.1e PHP/5.5.3 Server at localhost Port 80</address>
',
  'SERVER_SOFTWARE' => 'Apache/2.4.4 (Win32) OpenSSL/1.0.1e PHP/5.5.3',
  'SERVER_NAME' => 'localhost',
  'SERVER_ADDR' => '::1',
  'SERVER_PORT' => '80',
  'REMOTE_ADDR' => '::1',
  'DOCUMENT_ROOT' => 'D:/xampp/htdocs',
  'REQUEST_SCHEME' => 'http',
  'CONTEXT_PREFIX' => '',
  'CONTEXT_DOCUMENT_ROOT' => 'D:/xampp/htdocs',
  'SERVER_ADMIN' => 'webmaster@dummy-host2.example.com',
  'SCRIPT_FILENAME' => 'D:/xampp/htdocs/auto/index.php',
  'REMOTE_PORT' => '51229',
  'GATEWAY_INTERFACE' => 'CGI/1.1',
  'SERVER_PROTOCOL' => 'HTTP/1.1',
  'REQUEST_METHOD' => 'GET',
  'QUERY_STRING' => '',
  'REQUEST_URI' => '/auto/index.php/online',
  'SCRIPT_NAME' => '/auto/index.php',
  'PATH_INFO' => '/online',
  'PATH_TRANSLATED' => 'D:\\xampp\\htdocs\\online',
  'PHP_SELF' => '/auto/index.php/online',
  'REQUEST_TIME_FLOAT' => 1396540234.154,
  'REQUEST_TIME' => 1396540234,
)
>>> END ERROR at 2014-04-03 17:50:34 <<<

>>> FOUND ERROR at 2014-04-03 17:50:34 <<<
		Heading: 404 Page Not Found
		Message: The page you requested was not found.
		Error code: error_404
		Error number: 404
		Server info: array (
  'MIBDIRS' => 'D:/xampp/php/extras/mibs',
  'MYSQL_HOME' => '\\xampp\\mysql\\bin',
  'OPENSSL_CONF' => 'D:/xampp/apache/bin/openssl.cnf',
  'PHP_PEAR_SYSCONF_DIR' => '\\xampp\\php',
  'PHPRC' => '\\xampp\\php',
  'TMP' => '\\xampp\\tmp',
  'HTTP_HOST' => 'localhost',
  'HTTP_CONNECTION' => 'keep-alive',
  'HTTP_CACHE_CONTROL' => 'max-age=0',
  'HTTP_ACCEPT' => 'text/html,application/xhtml+xml,application/xml;q=0.9,image/webp,*/*;q=0.8',
  'HTTP_USER_AGENT' => 'Mozilla/5.0 (Windows NT 6.3; WOW64) AppleWebKit/537.36 (KHTML, like Gecko) Chrome/34.0.1825.4 Safari/537.36',
  'HTTP_ACCEPT_ENCODING' => 'gzip,deflate,sdch',
  'HTTP_ACCEPT_LANGUAGE' => 'vi-VN,vi;q=0.8,fr-FR;q=0.6,fr;q=0.4,en-US;q=0.2,en;q=0.2',
  'PATH' => 'C:\\Windows\\system32;C:\\Windows;C:\\Windows\\System32\\Wbem;C:\\Windows\\System32\\WindowsPowerShell\\v1.0\\;C:\\Program Files\\Java\\jdk1.8.0\\bin\\;C:\\Program Files (x86)\\Bitvise SSH Client;D:\\xampp\\php;C:\\Program Files\\nodejs\\;C:\\Program Files\\TortoiseSVN\\bin;C:\\Users\\Windows\\AppData\\Roaming\\npm',
  'SystemRoot' => 'C:\\Windows',
  'COMSPEC' => 'C:\\Windows\\system32\\cmd.exe',
  'PATHEXT' => '.COM;.EXE;.BAT;.CMD;.VBS;.VBE;.JS;.JSE;.WSF;.WSH;.MSC',
  'WINDIR' => 'C:\\Windows',
  'SERVER_SIGNATURE' => '<address>Apache/2.4.4 (Win32) OpenSSL/1.0.1e PHP/5.5.3 Server at localhost Port 80</address>
',
  'SERVER_SOFTWARE' => 'Apache/2.4.4 (Win32) OpenSSL/1.0.1e PHP/5.5.3',
  'SERVER_NAME' => 'localhost',
  'SERVER_ADDR' => '::1',
  'SERVER_PORT' => '80',
  'REMOTE_ADDR' => '::1',
  'DOCUMENT_ROOT' => 'D:/xampp/htdocs',
  'REQUEST_SCHEME' => 'http',
  'CONTEXT_PREFIX' => '',
  'CONTEXT_DOCUMENT_ROOT' => 'D:/xampp/htdocs',
  'SERVER_ADMIN' => 'webmaster@dummy-host2.example.com',
  'SCRIPT_FILENAME' => 'D:/xampp/htdocs/auto/index.php',
  'REMOTE_PORT' => '51229',
  'GATEWAY_INTERFACE' => 'CGI/1.1',
  'SERVER_PROTOCOL' => 'HTTP/1.1',
  'REQUEST_METHOD' => 'GET',
  'QUERY_STRING' => '',
  'REQUEST_URI' => '/auto/index.php/online',
  'SCRIPT_NAME' => '/auto/index.php',
  'PATH_INFO' => '/online',
  'PATH_TRANSLATED' => 'D:\\xampp\\htdocs\\online',
  'PHP_SELF' => '/auto/index.php/online',
  'REQUEST_TIME_FLOAT' => 1396540234.338,
  'REQUEST_TIME' => 1396540234,
)
>>> END ERROR at 2014-04-03 17:50:34 <<<

>>> FOUND ERROR at 2014-04-03 17:50:34 <<<
		Heading: 404 Page Not Found
		Message: The page you requested was not found.
		Error code: error_404
		Error number: 404
		Server info: array (
  'MIBDIRS' => 'D:/xampp/php/extras/mibs',
  'MYSQL_HOME' => '\\xampp\\mysql\\bin',
  'OPENSSL_CONF' => 'D:/xampp/apache/bin/openssl.cnf',
  'PHP_PEAR_SYSCONF_DIR' => '\\xampp\\php',
  'PHPRC' => '\\xampp\\php',
  'TMP' => '\\xampp\\tmp',
  'HTTP_HOST' => 'localhost',
  'HTTP_CONNECTION' => 'keep-alive',
  'HTTP_CACHE_CONTROL' => 'max-age=0',
  'HTTP_ACCEPT' => 'text/html,application/xhtml+xml,application/xml;q=0.9,image/webp,*/*;q=0.8',
  'HTTP_USER_AGENT' => 'Mozilla/5.0 (Windows NT 6.3; WOW64) AppleWebKit/537.36 (KHTML, like Gecko) Chrome/34.0.1825.4 Safari/537.36',
  'HTTP_ACCEPT_ENCODING' => 'gzip,deflate,sdch',
  'HTTP_ACCEPT_LANGUAGE' => 'vi-VN,vi;q=0.8,fr-FR;q=0.6,fr;q=0.4,en-US;q=0.2,en;q=0.2',
  'PATH' => 'C:\\Windows\\system32;C:\\Windows;C:\\Windows\\System32\\Wbem;C:\\Windows\\System32\\WindowsPowerShell\\v1.0\\;C:\\Program Files\\Java\\jdk1.8.0\\bin\\;C:\\Program Files (x86)\\Bitvise SSH Client;D:\\xampp\\php;C:\\Program Files\\nodejs\\;C:\\Program Files\\TortoiseSVN\\bin;C:\\Users\\Windows\\AppData\\Roaming\\npm',
  'SystemRoot' => 'C:\\Windows',
  'COMSPEC' => 'C:\\Windows\\system32\\cmd.exe',
  'PATHEXT' => '.COM;.EXE;.BAT;.CMD;.VBS;.VBE;.JS;.JSE;.WSF;.WSH;.MSC',
  'WINDIR' => 'C:\\Windows',
  'SERVER_SIGNATURE' => '<address>Apache/2.4.4 (Win32) OpenSSL/1.0.1e PHP/5.5.3 Server at localhost Port 80</address>
',
  'SERVER_SOFTWARE' => 'Apache/2.4.4 (Win32) OpenSSL/1.0.1e PHP/5.5.3',
  'SERVER_NAME' => 'localhost',
  'SERVER_ADDR' => '::1',
  'SERVER_PORT' => '80',
  'REMOTE_ADDR' => '::1',
  'DOCUMENT_ROOT' => 'D:/xampp/htdocs',
  'REQUEST_SCHEME' => 'http',
  'CONTEXT_PREFIX' => '',
  'CONTEXT_DOCUMENT_ROOT' => 'D:/xampp/htdocs',
  'SERVER_ADMIN' => 'webmaster@dummy-host2.example.com',
  'SCRIPT_FILENAME' => 'D:/xampp/htdocs/auto/index.php',
  'REMOTE_PORT' => '51229',
  'GATEWAY_INTERFACE' => 'CGI/1.1',
  'SERVER_PROTOCOL' => 'HTTP/1.1',
  'REQUEST_METHOD' => 'GET',
  'QUERY_STRING' => '',
  'REQUEST_URI' => '/auto/index.php/online',
  'SCRIPT_NAME' => '/auto/index.php',
  'PATH_INFO' => '/online',
  'PATH_TRANSLATED' => 'D:\\xampp\\htdocs\\online',
  'PHP_SELF' => '/auto/index.php/online',
  'REQUEST_TIME_FLOAT' => 1396540234.514,
  'REQUEST_TIME' => 1396540234,
)
>>> END ERROR at 2014-04-03 17:50:34 <<<
